(node:5108) [MONGOOSE] DeprecationWarning: Mongoose: the `strictQuery` option will be switched back to `false` by default in Mongoose 7. Use `mongoose.set('strictQuery', false);` if you want to prepare for this change. Or use `mongoose.set('strictQuery', true);` to suppress this warning.
(Use `node --trace-deprecation ...` to show where the warning was created)
(node:10000) [MONGOOSE] DeprecationWarning: Mongoose: the `strictQuery` option will be switched back to `false` by default in Mongoose 7. Use `mongoose.set('strictQuery', false);` if you want to prepare for this change. Or use `mongoose.set('strictQuery', true);` to suppress this warning.
(Use `node --trace-deprecation ...` to show where the warning was created)
Error: bind EADDRINUSE null:3000
    at listenOnPrimaryHandle (node:net:1553:18)
    at shared (node:internal/cluster/child:153:3)
    at Worker.<anonymous> (node:internal/cluster/child:106:7)
    at process.onInternalMessage (node:internal/cluster/utils:49:5)
    at process.emit (node:events:525:35)
    at emit (node:internal/child_process:937:14)
    at process.processTicksAndRejections (node:internal/process/task_queues:83:21)
(node:24168) [MONGOOSE] DeprecationWarning: Mongoose: the `strictQuery` option will be switched back to `false` by default in Mongoose 7. Use `mongoose.set('strictQuery', false);` if you want to prepare for this change. Or use `mongoose.set('strictQuery', true);` to suppress this warning.
(Use `node --trace-deprecation ...` to show where the warning was created)
(node:23608) [MONGOOSE] DeprecationWarning: Mongoose: the `strictQuery` option will be switched back to `false` by default in Mongoose 7. Use `mongoose.set('strictQuery', false);` if you want to prepare for this change. Or use `mongoose.set('strictQuery', true);` to suppress this warning.
(Use `node --trace-deprecation ...` to show where the warning was created)
Error: bind EADDRINUSE null:3000
    at listenOnPrimaryHandle (node:net:1553:18)
    at shared (node:internal/cluster/child:153:3)
    at Worker.<anonymous> (node:internal/cluster/child:106:7)
    at process.onInternalMessage (node:internal/cluster/utils:49:5)
    at process.emit (node:events:525:35)
    at emit (node:internal/child_process:937:14)
    at process.processTicksAndRejections (node:internal/process/task_queues:83:21)
(node:24872) [MONGOOSE] DeprecationWarning: Mongoose: the `strictQuery` option will be switched back to `false` by default in Mongoose 7. Use `mongoose.set('strictQuery', false);` if you want to prepare for this change. Or use `mongoose.set('strictQuery', true);` to suppress this warning.
(Use `node --trace-deprecation ...` to show where the warning was created)
Error: bind EADDRINUSE null:3000
    at listenOnPrimaryHandle (node:net:1553:18)
    at shared (node:internal/cluster/child:153:3)
    at Worker.<anonymous> (node:internal/cluster/child:106:7)
    at process.onInternalMessage (node:internal/cluster/utils:49:5)
    at process.emit (node:events:525:35)
    at emit (node:internal/child_process:937:14)
    at process.processTicksAndRejections (node:internal/process/task_queues:83:21)
(node:24596) [MONGOOSE] DeprecationWarning: Mongoose: the `strictQuery` option will be switched back to `false` by default in Mongoose 7. Use `mongoose.set('strictQuery', false);` if you want to prepare for this change. Or use `mongoose.set('strictQuery', true);` to suppress this warning.
(Use `node --trace-deprecation ...` to show where the warning was created)
Error: bind EADDRINUSE null:3000
    at listenOnPrimaryHandle (node:net:1553:18)
    at shared (node:internal/cluster/child:153:3)
    at Worker.<anonymous> (node:internal/cluster/child:106:7)
    at process.onInternalMessage (node:internal/cluster/utils:49:5)
    at process.emit (node:events:525:35)
    at emit (node:internal/child_process:937:14)
    at process.processTicksAndRejections (node:internal/process/task_queues:83:21)
(node:14552) [MONGOOSE] DeprecationWarning: Mongoose: the `strictQuery` option will be switched back to `false` by default in Mongoose 7. Use `mongoose.set('strictQuery', false);` if you want to prepare for this change. Or use `mongoose.set('strictQuery', true);` to suppress this warning.
(Use `node --trace-deprecation ...` to show where the warning was created)
(node:23912) [MONGOOSE] DeprecationWarning: Mongoose: the `strictQuery` option will be switched back to `false` by default in Mongoose 7. Use `mongoose.set('strictQuery', false);` if you want to prepare for this change. Or use `mongoose.set('strictQuery', true);` to suppress this warning.
(Use `node --trace-deprecation ...` to show where the warning was created)
Error: bind EADDRINUSE null:3000
    at listenOnPrimaryHandle (node:net:1553:18)
    at shared (node:internal/cluster/child:153:3)
    at Worker.<anonymous> (node:internal/cluster/child:106:7)
    at process.onInternalMessage (node:internal/cluster/utils:49:5)
    at process.emit (node:events:525:35)
    at emit (node:internal/child_process:937:14)
    at process.processTicksAndRejections (node:internal/process/task_queues:83:21)
(node:10644) [MONGOOSE] DeprecationWarning: Mongoose: the `strictQuery` option will be switched back to `false` by default in Mongoose 7. Use `mongoose.set('strictQuery', false);` if you want to prepare for this change. Or use `mongoose.set('strictQuery', true);` to suppress this warning.
(Use `node --trace-deprecation ...` to show where the warning was created)
Error: bind EADDRINUSE null:3000
    at listenOnPrimaryHandle (node:net:1553:18)
    at shared (node:internal/cluster/child:153:3)
    at Worker.<anonymous> (node:internal/cluster/child:106:7)
    at process.onInternalMessage (node:internal/cluster/utils:49:5)
    at process.emit (node:events:525:35)
    at emit (node:internal/child_process:937:14)
    at process.processTicksAndRejections (node:internal/process/task_queues:83:21)
(node:24824) [MONGOOSE] DeprecationWarning: Mongoose: the `strictQuery` option will be switched back to `false` by default in Mongoose 7. Use `mongoose.set('strictQuery', false);` if you want to prepare for this change. Or use `mongoose.set('strictQuery', true);` to suppress this warning.
(Use `node --trace-deprecation ...` to show where the warning was created)
Error: bind EADDRINUSE null:3000
    at listenOnPrimaryHandle (node:net:1553:18)
    at shared (node:internal/cluster/child:153:3)
    at Worker.<anonymous> (node:internal/cluster/child:106:7)
    at process.onInternalMessage (node:internal/cluster/utils:49:5)
    at process.emit (node:events:525:35)
    at emit (node:internal/child_process:937:14)
    at process.processTicksAndRejections (node:internal/process/task_queues:83:21)
(node:14844) [MONGOOSE] DeprecationWarning: Mongoose: the `strictQuery` option will be switched back to `false` by default in Mongoose 7. Use `mongoose.set('strictQuery', false);` if you want to prepare for this change. Or use `mongoose.set('strictQuery', true);` to suppress this warning.
(Use `node --trace-deprecation ...` to show where the warning was created)
Error: bind EADDRINUSE null:3000
    at listenOnPrimaryHandle (node:net:1553:18)
    at shared (node:internal/cluster/child:153:3)
    at Worker.<anonymous> (node:internal/cluster/child:106:7)
    at process.onInternalMessage (node:internal/cluster/utils:49:5)
    at process.emit (node:events:525:35)
    at emit (node:internal/child_process:937:14)
    at process.processTicksAndRejections (node:internal/process/task_queues:83:21)
(node:22892) [MONGOOSE] DeprecationWarning: Mongoose: the `strictQuery` option will be switched back to `false` by default in Mongoose 7. Use `mongoose.set('strictQuery', false);` if you want to prepare for this change. Or use `mongoose.set('strictQuery', true);` to suppress this warning.
(Use `node --trace-deprecation ...` to show where the warning was created)
(node:5916) [MONGOOSE] DeprecationWarning: Mongoose: the `strictQuery` option will be switched back to `false` by default in Mongoose 7. Use `mongoose.set('strictQuery', false);` if you want to prepare for this change. Or use `mongoose.set('strictQuery', true);` to suppress this warning.
(Use `node --trace-deprecation ...` to show where the warning was created)
Error: bind EADDRINUSE null:3000
    at listenOnPrimaryHandle (node:net:1553:18)
    at shared (node:internal/cluster/child:153:3)
    at Worker.<anonymous> (node:internal/cluster/child:106:7)
    at process.onInternalMessage (node:internal/cluster/utils:49:5)
    at process.emit (node:events:525:35)
    at emit (node:internal/child_process:937:14)
    at process.processTicksAndRejections (node:internal/process/task_queues:83:21)
(node:24688) [MONGOOSE] DeprecationWarning: Mongoose: the `strictQuery` option will be switched back to `false` by default in Mongoose 7. Use `mongoose.set('strictQuery', false);` if you want to prepare for this change. Or use `mongoose.set('strictQuery', true);` to suppress this warning.
(Use `node --trace-deprecation ...` to show where the warning was created)
Error: bind EADDRINUSE null:3000
    at listenOnPrimaryHandle (node:net:1553:18)
    at shared (node:internal/cluster/child:153:3)
    at Worker.<anonymous> (node:internal/cluster/child:106:7)
    at process.onInternalMessage (node:internal/cluster/utils:49:5)
    at process.emit (node:events:525:35)
    at emit (node:internal/child_process:937:14)
    at process.processTicksAndRejections (node:internal/process/task_queues:83:21)
(node:15568) [MONGOOSE] DeprecationWarning: Mongoose: the `strictQuery` option will be switched back to `false` by default in Mongoose 7. Use `mongoose.set('strictQuery', false);` if you want to prepare for this change. Or use `mongoose.set('strictQuery', true);` to suppress this warning.
(Use `node --trace-deprecation ...` to show where the warning was created)
Error: bind EADDRINUSE null:3000
    at listenOnPrimaryHandle (node:net:1553:18)
    at shared (node:internal/cluster/child:153:3)
    at Worker.<anonymous> (node:internal/cluster/child:106:7)
    at process.onInternalMessage (node:internal/cluster/utils:49:5)
    at process.emit (node:events:525:35)
    at emit (node:internal/child_process:937:14)
    at process.processTicksAndRejections (node:internal/process/task_queues:83:21)
(node:14592) [MONGOOSE] DeprecationWarning: Mongoose: the `strictQuery` option will be switched back to `false` by default in Mongoose 7. Use `mongoose.set('strictQuery', false);` if you want to prepare for this change. Or use `mongoose.set('strictQuery', true);` to suppress this warning.
(Use `node --trace-deprecation ...` to show where the warning was created)
Error: bind EADDRINUSE null:3000
    at listenOnPrimaryHandle (node:net:1553:18)
    at shared (node:internal/cluster/child:153:3)
    at Worker.<anonymous> (node:internal/cluster/child:106:7)
    at process.onInternalMessage (node:internal/cluster/utils:49:5)
    at process.emit (node:events:525:35)
    at emit (node:internal/child_process:937:14)
    at process.processTicksAndRejections (node:internal/process/task_queues:83:21)
(node:2068) [MONGOOSE] DeprecationWarning: Mongoose: the `strictQuery` option will be switched back to `false` by default in Mongoose 7. Use `mongoose.set('strictQuery', false);` if you want to prepare for this change. Or use `mongoose.set('strictQuery', true);` to suppress this warning.
(Use `node --trace-deprecation ...` to show where the warning was created)
Error: bind EADDRINUSE null:3000
    at listenOnPrimaryHandle (node:net:1553:18)
    at shared (node:internal/cluster/child:153:3)
    at Worker.<anonymous> (node:internal/cluster/child:106:7)
    at process.onInternalMessage (node:internal/cluster/utils:49:5)
    at process.emit (node:events:525:35)
    at emit (node:internal/child_process:937:14)
    at process.processTicksAndRejections (node:internal/process/task_queues:83:21)
(node:18520) [MONGOOSE] DeprecationWarning: Mongoose: the `strictQuery` option will be switched back to `false` by default in Mongoose 7. Use `mongoose.set('strictQuery', false);` if you want to prepare for this change. Or use `mongoose.set('strictQuery', true);` to suppress this warning.
(Use `node --trace-deprecation ...` to show where the warning was created)
(node:21064) [MONGOOSE] DeprecationWarning: Mongoose: the `strictQuery` option will be switched back to `false` by default in Mongoose 7. Use `mongoose.set('strictQuery', false);` if you want to prepare for this change. Or use `mongoose.set('strictQuery', true);` to suppress this warning.
(Use `node --trace-deprecation ...` to show where the warning was created)
(node:5684) [MONGOOSE] DeprecationWarning: Mongoose: the `strictQuery` option will be switched back to `false` by default in Mongoose 7. Use `mongoose.set('strictQuery', false);` if you want to prepare for this change. Or use `mongoose.set('strictQuery', true);` to suppress this warning.
(Use `node --trace-deprecation ...` to show where the warning was created)
(node:18168) [MONGOOSE] DeprecationWarning: Mongoose: the `strictQuery` option will be switched back to `false` by default in Mongoose 7. Use `mongoose.set('strictQuery', false);` if you want to prepare for this change. Or use `mongoose.set('strictQuery', true);` to suppress this warning.
(Use `node --trace-deprecation ...` to show where the warning was created)
(node:17568) [MONGOOSE] DeprecationWarning: Mongoose: the `strictQuery` option will be switched back to `false` by default in Mongoose 7. Use `mongoose.set('strictQuery', false);` if you want to prepare for this change. Or use `mongoose.set('strictQuery', true);` to suppress this warning.
(Use `node --trace-deprecation ...` to show where the warning was created)
Error: bind EADDRINUSE null:4000
    at listenOnPrimaryHandle (node:net:1553:18)
    at shared (node:internal/cluster/child:153:3)
    at Worker.<anonymous> (node:internal/cluster/child:106:7)
    at process.onInternalMessage (node:internal/cluster/utils:49:5)
    at process.emit (node:events:525:35)
    at emit (node:internal/child_process:937:14)
    at process.processTicksAndRejections (node:internal/process/task_queues:83:21)
(node:27500) [MONGOOSE] DeprecationWarning: Mongoose: the `strictQuery` option will be switched back to `false` by default in Mongoose 7. Use `mongoose.set('strictQuery', false);` if you want to prepare for this change. Or use `mongoose.set('strictQuery', true);` to suppress this warning.
(Use `node --trace-deprecation ...` to show where the warning was created)
Error: bind EADDRINUSE null:4000
    at listenOnPrimaryHandle (node:net:1553:18)
    at shared (node:internal/cluster/child:153:3)
    at Worker.<anonymous> (node:internal/cluster/child:106:7)
    at process.onInternalMessage (node:internal/cluster/utils:49:5)
    at process.emit (node:events:525:35)
    at emit (node:internal/child_process:937:14)
    at process.processTicksAndRejections (node:internal/process/task_queues:83:21)
(node:13372) [MONGOOSE] DeprecationWarning: Mongoose: the `strictQuery` option will be switched back to `false` by default in Mongoose 7. Use `mongoose.set('strictQuery', false);` if you want to prepare for this change. Or use `mongoose.set('strictQuery', true);` to suppress this warning.
(Use `node --trace-deprecation ...` to show where the warning was created)
Error: bind EADDRINUSE null:4000
    at listenOnPrimaryHandle (node:net:1553:18)
    at shared (node:internal/cluster/child:153:3)
    at Worker.<anonymous> (node:internal/cluster/child:106:7)
    at process.onInternalMessage (node:internal/cluster/utils:49:5)
    at process.emit (node:events:525:35)
    at emit (node:internal/child_process:937:14)
    at process.processTicksAndRejections (node:internal/process/task_queues:83:21)
(node:30964) [MONGOOSE] DeprecationWarning: Mongoose: the `strictQuery` option will be switched back to `false` by default in Mongoose 7. Use `mongoose.set('strictQuery', false);` if you want to prepare for this change. Or use `mongoose.set('strictQuery', true);` to suppress this warning.
(Use `node --trace-deprecation ...` to show where the warning was created)
Error: bind EADDRINUSE null:4000
    at listenOnPrimaryHandle (node:net:1553:18)
    at shared (node:internal/cluster/child:153:3)
    at Worker.<anonymous> (node:internal/cluster/child:106:7)
    at process.onInternalMessage (node:internal/cluster/utils:49:5)
    at process.emit (node:events:525:35)
    at emit (node:internal/child_process:937:14)
    at process.processTicksAndRejections (node:internal/process/task_queues:83:21)
(node:24272) [MONGOOSE] DeprecationWarning: Mongoose: the `strictQuery` option will be switched back to `false` by default in Mongoose 7. Use `mongoose.set('strictQuery', false);` if you want to prepare for this change. Or use `mongoose.set('strictQuery', true);` to suppress this warning.
(Use `node --trace-deprecation ...` to show where the warning was created)
Error: bind EADDRINUSE null:4000
    at listenOnPrimaryHandle (node:net:1553:18)
    at shared (node:internal/cluster/child:153:3)
    at Worker.<anonymous> (node:internal/cluster/child:106:7)
    at process.onInternalMessage (node:internal/cluster/utils:49:5)
    at process.emit (node:events:525:35)
    at emit (node:internal/child_process:937:14)
    at process.processTicksAndRejections (node:internal/process/task_queues:83:21)
(node:25108) [MONGOOSE] DeprecationWarning: Mongoose: the `strictQuery` option will be switched back to `false` by default in Mongoose 7. Use `mongoose.set('strictQuery', false);` if you want to prepare for this change. Or use `mongoose.set('strictQuery', true);` to suppress this warning.
(Use `node --trace-deprecation ...` to show where the warning was created)
Error: bind EADDRINUSE null:4000
    at listenOnPrimaryHandle (node:net:1553:18)
    at shared (node:internal/cluster/child:153:3)
    at Worker.<anonymous> (node:internal/cluster/child:106:7)
    at process.onInternalMessage (node:internal/cluster/utils:49:5)
    at process.emit (node:events:525:35)
    at emit (node:internal/child_process:937:14)
    at process.processTicksAndRejections (node:internal/process/task_queues:83:21)
(node:16096) [MONGOOSE] DeprecationWarning: Mongoose: the `strictQuery` option will be switched back to `false` by default in Mongoose 7. Use `mongoose.set('strictQuery', false);` if you want to prepare for this change. Or use `mongoose.set('strictQuery', true);` to suppress this warning.
(Use `node --trace-deprecation ...` to show where the warning was created)
Error: bind EADDRINUSE null:4000
    at listenOnPrimaryHandle (node:net:1553:18)
    at shared (node:internal/cluster/child:153:3)
    at Worker.<anonymous> (node:internal/cluster/child:106:7)
    at process.onInternalMessage (node:internal/cluster/utils:49:5)
    at process.emit (node:events:525:35)
    at emit (node:internal/child_process:937:14)
    at process.processTicksAndRejections (node:internal/process/task_queues:83:21)
(node:15328) [MONGOOSE] DeprecationWarning: Mongoose: the `strictQuery` option will be switched back to `false` by default in Mongoose 7. Use `mongoose.set('strictQuery', false);` if you want to prepare for this change. Or use `mongoose.set('strictQuery', true);` to suppress this warning.
(Use `node --trace-deprecation ...` to show where the warning was created)
Error: bind EADDRINUSE null:4000
    at listenOnPrimaryHandle (node:net:1553:18)
    at shared (node:internal/cluster/child:153:3)
    at Worker.<anonymous> (node:internal/cluster/child:106:7)
    at process.onInternalMessage (node:internal/cluster/utils:49:5)
    at process.emit (node:events:525:35)
    at emit (node:internal/child_process:937:14)
    at process.processTicksAndRejections (node:internal/process/task_queues:83:21)
(node:29608) [MONGOOSE] DeprecationWarning: Mongoose: the `strictQuery` option will be switched back to `false` by default in Mongoose 7. Use `mongoose.set('strictQuery', false);` if you want to prepare for this change. Or use `mongoose.set('strictQuery', true);` to suppress this warning.
(Use `node --trace-deprecation ...` to show where the warning was created)
Error: bind EADDRINUSE null:4000
    at listenOnPrimaryHandle (node:net:1553:18)
    at shared (node:internal/cluster/child:153:3)
    at Worker.<anonymous> (node:internal/cluster/child:106:7)
    at process.onInternalMessage (node:internal/cluster/utils:49:5)
    at process.emit (node:events:525:35)
    at emit (node:internal/child_process:937:14)
    at process.processTicksAndRejections (node:internal/process/task_queues:83:21)
(node:13628) [MONGOOSE] DeprecationWarning: Mongoose: the `strictQuery` option will be switched back to `false` by default in Mongoose 7. Use `mongoose.set('strictQuery', false);` if you want to prepare for this change. Or use `mongoose.set('strictQuery', true);` to suppress this warning.
(Use `node --trace-deprecation ...` to show where the warning was created)
Error: bind EADDRINUSE null:4000
    at listenOnPrimaryHandle (node:net:1553:18)
    at shared (node:internal/cluster/child:153:3)
    at Worker.<anonymous> (node:internal/cluster/child:106:7)
    at process.onInternalMessage (node:internal/cluster/utils:49:5)
    at process.emit (node:events:525:35)
    at emit (node:internal/child_process:937:14)
    at process.processTicksAndRejections (node:internal/process/task_queues:83:21)
(node:26816) [MONGOOSE] DeprecationWarning: Mongoose: the `strictQuery` option will be switched back to `false` by default in Mongoose 7. Use `mongoose.set('strictQuery', false);` if you want to prepare for this change. Or use `mongoose.set('strictQuery', true);` to suppress this warning.
(Use `node --trace-deprecation ...` to show where the warning was created)
Error: bind EADDRINUSE null:4000
    at listenOnPrimaryHandle (node:net:1553:18)
    at shared (node:internal/cluster/child:153:3)
    at Worker.<anonymous> (node:internal/cluster/child:106:7)
    at process.onInternalMessage (node:internal/cluster/utils:49:5)
    at process.emit (node:events:525:35)
    at emit (node:internal/child_process:937:14)
    at process.processTicksAndRejections (node:internal/process/task_queues:83:21)
(node:9112) [MONGOOSE] DeprecationWarning: Mongoose: the `strictQuery` option will be switched back to `false` by default in Mongoose 7. Use `mongoose.set('strictQuery', false);` if you want to prepare for this change. Or use `mongoose.set('strictQuery', true);` to suppress this warning.
(Use `node --trace-deprecation ...` to show where the warning was created)
Error: bind EADDRINUSE null:4000
    at listenOnPrimaryHandle (node:net:1553:18)
    at shared (node:internal/cluster/child:153:3)
    at Worker.<anonymous> (node:internal/cluster/child:106:7)
    at process.onInternalMessage (node:internal/cluster/utils:49:5)
    at process.emit (node:events:525:35)
    at emit (node:internal/child_process:937:14)
    at process.processTicksAndRejections (node:internal/process/task_queues:83:21)
(node:19144) [MONGOOSE] DeprecationWarning: Mongoose: the `strictQuery` option will be switched back to `false` by default in Mongoose 7. Use `mongoose.set('strictQuery', false);` if you want to prepare for this change. Or use `mongoose.set('strictQuery', true);` to suppress this warning.
(Use `node --trace-deprecation ...` to show where the warning was created)
Error: bind EADDRINUSE null:4000
    at listenOnPrimaryHandle (node:net:1553:18)
    at shared (node:internal/cluster/child:153:3)
    at Worker.<anonymous> (node:internal/cluster/child:106:7)
    at process.onInternalMessage (node:internal/cluster/utils:49:5)
    at process.emit (node:events:525:35)
    at emit (node:internal/child_process:937:14)
    at process.processTicksAndRejections (node:internal/process/task_queues:83:21)
(node:11536) [MONGOOSE] DeprecationWarning: Mongoose: the `strictQuery` option will be switched back to `false` by default in Mongoose 7. Use `mongoose.set('strictQuery', false);` if you want to prepare for this change. Or use `mongoose.set('strictQuery', true);` to suppress this warning.
(Use `node --trace-deprecation ...` to show where the warning was created)
(node:26560) [MONGOOSE] DeprecationWarning: Mongoose: the `strictQuery` option will be switched back to `false` by default in Mongoose 7. Use `mongoose.set('strictQuery', false);` if you want to prepare for this change. Or use `mongoose.set('strictQuery', true);` to suppress this warning.
(Use `node --trace-deprecation ...` to show where the warning was created)
Error: bind EADDRINUSE null:4000
    at listenOnPrimaryHandle (node:net:1553:18)
    at shared (node:internal/cluster/child:153:3)
    at Worker.<anonymous> (node:internal/cluster/child:106:7)
    at process.onInternalMessage (node:internal/cluster/utils:49:5)
    at process.emit (node:events:525:35)
    at emit (node:internal/child_process:937:14)
    at process.processTicksAndRejections (node:internal/process/task_queues:83:21)
(node:23988) [MONGOOSE] DeprecationWarning: Mongoose: the `strictQuery` option will be switched back to `false` by default in Mongoose 7. Use `mongoose.set('strictQuery', false);` if you want to prepare for this change. Or use `mongoose.set('strictQuery', true);` to suppress this warning.
(Use `node --trace-deprecation ...` to show where the warning was created)
Error: bind EADDRINUSE null:4000
    at listenOnPrimaryHandle (node:net:1553:18)
    at shared (node:internal/cluster/child:153:3)
    at Worker.<anonymous> (node:internal/cluster/child:106:7)
    at process.onInternalMessage (node:internal/cluster/utils:49:5)
    at process.emit (node:events:525:35)
    at emit (node:internal/child_process:937:14)
    at process.processTicksAndRejections (node:internal/process/task_queues:83:21)
(node:6832) [MONGOOSE] DeprecationWarning: Mongoose: the `strictQuery` option will be switched back to `false` by default in Mongoose 7. Use `mongoose.set('strictQuery', false);` if you want to prepare for this change. Or use `mongoose.set('strictQuery', true);` to suppress this warning.
(Use `node --trace-deprecation ...` to show where the warning was created)
Error: bind EADDRINUSE null:4000
    at listenOnPrimaryHandle (node:net:1553:18)
    at shared (node:internal/cluster/child:153:3)
    at Worker.<anonymous> (node:internal/cluster/child:106:7)
    at process.onInternalMessage (node:internal/cluster/utils:49:5)
    at process.emit (node:events:525:35)
    at emit (node:internal/child_process:937:14)
    at process.processTicksAndRejections (node:internal/process/task_queues:83:21)
(node:1772) [MONGOOSE] DeprecationWarning: Mongoose: the `strictQuery` option will be switched back to `false` by default in Mongoose 7. Use `mongoose.set('strictQuery', false);` if you want to prepare for this change. Or use `mongoose.set('strictQuery', true);` to suppress this warning.
(Use `node --trace-deprecation ...` to show where the warning was created)
Error: bind EADDRINUSE null:4000
    at listenOnPrimaryHandle (node:net:1553:18)
    at shared (node:internal/cluster/child:153:3)
    at Worker.<anonymous> (node:internal/cluster/child:106:7)
    at process.onInternalMessage (node:internal/cluster/utils:49:5)
    at process.emit (node:events:525:35)
    at emit (node:internal/child_process:937:14)
    at process.processTicksAndRejections (node:internal/process/task_queues:83:21)
(node:18424) [MONGOOSE] DeprecationWarning: Mongoose: the `strictQuery` option will be switched back to `false` by default in Mongoose 7. Use `mongoose.set('strictQuery', false);` if you want to prepare for this change. Or use `mongoose.set('strictQuery', true);` to suppress this warning.
(Use `node --trace-deprecation ...` to show where the warning was created)
Error: bind EADDRINUSE null:4000
    at listenOnPrimaryHandle (node:net:1553:18)
    at shared (node:internal/cluster/child:153:3)
    at Worker.<anonymous> (node:internal/cluster/child:106:7)
    at process.onInternalMessage (node:internal/cluster/utils:49:5)
    at process.emit (node:events:525:35)
    at emit (node:internal/child_process:937:14)
    at process.processTicksAndRejections (node:internal/process/task_queues:83:21)
(node:24396) [MONGOOSE] DeprecationWarning: Mongoose: the `strictQuery` option will be switched back to `false` by default in Mongoose 7. Use `mongoose.set('strictQuery', false);` if you want to prepare for this change. Or use `mongoose.set('strictQuery', true);` to suppress this warning.
(Use `node --trace-deprecation ...` to show where the warning was created)
Error: bind EADDRINUSE null:4000
    at listenOnPrimaryHandle (node:net:1553:18)
    at shared (node:internal/cluster/child:153:3)
    at Worker.<anonymous> (node:internal/cluster/child:106:7)
    at process.onInternalMessage (node:internal/cluster/utils:49:5)
    at process.emit (node:events:525:35)
    at emit (node:internal/child_process:937:14)
    at process.processTicksAndRejections (node:internal/process/task_queues:83:21)
(node:31072) [MONGOOSE] DeprecationWarning: Mongoose: the `strictQuery` option will be switched back to `false` by default in Mongoose 7. Use `mongoose.set('strictQuery', false);` if you want to prepare for this change. Or use `mongoose.set('strictQuery', true);` to suppress this warning.
(Use `node --trace-deprecation ...` to show where the warning was created)
Error: bind EADDRINUSE null:4000
    at listenOnPrimaryHandle (node:net:1553:18)
    at shared (node:internal/cluster/child:153:3)
    at Worker.<anonymous> (node:internal/cluster/child:106:7)
    at process.onInternalMessage (node:internal/cluster/utils:49:5)
    at process.emit (node:events:525:35)
    at emit (node:internal/child_process:937:14)
    at process.processTicksAndRejections (node:internal/process/task_queues:83:21)
(node:28140) [MONGOOSE] DeprecationWarning: Mongoose: the `strictQuery` option will be switched back to `false` by default in Mongoose 7. Use `mongoose.set('strictQuery', false);` if you want to prepare for this change. Or use `mongoose.set('strictQuery', true);` to suppress this warning.
(Use `node --trace-deprecation ...` to show where the warning was created)
Error: bind EADDRINUSE null:4000
    at listenOnPrimaryHandle (node:net:1553:18)
    at shared (node:internal/cluster/child:153:3)
    at Worker.<anonymous> (node:internal/cluster/child:106:7)
    at process.onInternalMessage (node:internal/cluster/utils:49:5)
    at process.emit (node:events:525:35)
    at emit (node:internal/child_process:937:14)
    at process.processTicksAndRejections (node:internal/process/task_queues:83:21)
(node:30568) [MONGOOSE] DeprecationWarning: Mongoose: the `strictQuery` option will be switched back to `false` by default in Mongoose 7. Use `mongoose.set('strictQuery', false);` if you want to prepare for this change. Or use `mongoose.set('strictQuery', true);` to suppress this warning.
(Use `node --trace-deprecation ...` to show where the warning was created)
Error: bind EADDRINUSE null:4000
    at listenOnPrimaryHandle (node:net:1553:18)
    at shared (node:internal/cluster/child:153:3)
    at Worker.<anonymous> (node:internal/cluster/child:106:7)
    at process.onInternalMessage (node:internal/cluster/utils:49:5)
    at process.emit (node:events:525:35)
    at emit (node:internal/child_process:937:14)
    at process.processTicksAndRejections (node:internal/process/task_queues:83:21)
(node:25300) [MONGOOSE] DeprecationWarning: Mongoose: the `strictQuery` option will be switched back to `false` by default in Mongoose 7. Use `mongoose.set('strictQuery', false);` if you want to prepare for this change. Or use `mongoose.set('strictQuery', true);` to suppress this warning.
(Use `node --trace-deprecation ...` to show where the warning was created)
(node:26400) [MONGOOSE] DeprecationWarning: Mongoose: the `strictQuery` option will be switched back to `false` by default in Mongoose 7. Use `mongoose.set('strictQuery', false);` if you want to prepare for this change. Or use `mongoose.set('strictQuery', true);` to suppress this warning.
(Use `node --trace-deprecation ...` to show where the warning was created)
Error: bind EADDRINUSE null:4000
    at listenOnPrimaryHandle (node:net:1553:18)
    at shared (node:internal/cluster/child:153:3)
    at Worker.<anonymous> (node:internal/cluster/child:106:7)
    at process.onInternalMessage (node:internal/cluster/utils:49:5)
    at process.emit (node:events:525:35)
    at emit (node:internal/child_process:937:14)
    at process.processTicksAndRejections (node:internal/process/task_queues:83:21)
(node:5204) [MONGOOSE] DeprecationWarning: Mongoose: the `strictQuery` option will be switched back to `false` by default in Mongoose 7. Use `mongoose.set('strictQuery', false);` if you want to prepare for this change. Or use `mongoose.set('strictQuery', true);` to suppress this warning.
(Use `node --trace-deprecation ...` to show where the warning was created)
Error: bind EADDRINUSE null:4000
    at listenOnPrimaryHandle (node:net:1553:18)
    at shared (node:internal/cluster/child:153:3)
    at Worker.<anonymous> (node:internal/cluster/child:106:7)
    at process.onInternalMessage (node:internal/cluster/utils:49:5)
    at process.emit (node:events:525:35)
    at emit (node:internal/child_process:937:14)
    at process.processTicksAndRejections (node:internal/process/task_queues:83:21)
(node:24516) [MONGOOSE] DeprecationWarning: Mongoose: the `strictQuery` option will be switched back to `false` by default in Mongoose 7. Use `mongoose.set('strictQuery', false);` if you want to prepare for this change. Or use `mongoose.set('strictQuery', true);` to suppress this warning.
(Use `node --trace-deprecation ...` to show where the warning was created)
(node:24428) [MONGOOSE] DeprecationWarning: Mongoose: the `strictQuery` option will be switched back to `false` by default in Mongoose 7. Use `mongoose.set('strictQuery', false);` if you want to prepare for this change. Or use `mongoose.set('strictQuery', true);` to suppress this warning.
(Use `node --trace-deprecation ...` to show where the warning was created)
